<?xml version="1.0" encoding="UTF-8"?>
<!-- Generated by org.testng.reporters.JUnitReportReporter -->
<testsuite skipped="8" hostname="Chikkus_hp" name="com.test.OrderAndReparationsPageTest" tests="9" failures="0" timestamp="11 Apr 2023 05:58:44 GMT" time="4.490" errors="1">
  <testcase name="launchBrowser" time="4.490" classname="com.test.OrderAndReparationsPageTest">
    <error type="java.lang.Exception" message="org.openqa.selenium.remote.http.ConnectionFailedException: Unable to establish websocket connection to http://localhost:64461/devtools/browser/24513bbe-bab9-49a1-8d43-337c24598058
Build info: version: &#039;4.8.0&#039;, revision: &#039;267030adea&#039;
System info: os.name: &#039;Windows 11&#039;, os.arch: &#039;amd64&#039;, os.version: &#039;10.0&#039;, java.version: &#039;1.8.0_361&#039;
Driver info: driver.version: EdgeDriver">
      <![CDATA[java.lang.Exception: org.openqa.selenium.remote.http.ConnectionFailedException: Unable to establish websocket connection to http://localhost:64461/devtools/browser/24513bbe-bab9-49a1-8d43-337c24598058
Build info: version: '4.8.0', revision: '267030adea'
System info: os.name: 'Windows 11', os.arch: 'amd64', os.version: '10.0', java.version: '1.8.0_361'
Driver info: driver.version: EdgeDriver
	at com.base.AutomationBase.launchEdgeBrowser(AutomationBase.java:61)
	at com.base.AutomationBase.launchBrowser(AutomationBase.java:25)
	at sun.reflect.NativeMethodAccessorImpl.invoke0(Native Method)
	at sun.reflect.NativeMethodAccessorImpl.invoke(Unknown Source)
	at sun.reflect.DelegatingMethodAccessorImpl.invoke(Unknown Source)
	at java.lang.reflect.Method.invoke(Unknown Source)
	at org.testng.internal.MethodInvocationHelper.invokeMethod(MethodInvocationHelper.java:108)
	at org.testng.internal.Invoker.invokeConfigurationMethod(Invoker.java:523)
	at org.testng.internal.Invoker.invokeConfigurations(Invoker.java:224)
	at org.testng.internal.Invoker.invokeConfigurations(Invoker.java:146)
	at org.testng.TestRunner.beforeRun(TestRunner.java:626)
	at org.testng.TestRunner.run(TestRunner.java:594)
	at org.testng.SuiteRunner.runTest(SuiteRunner.java:380)
	at org.testng.SuiteRunner.runSequentially(SuiteRunner.java:375)
	at org.testng.SuiteRunner.privateRun(SuiteRunner.java:340)
	at org.testng.SuiteRunner.run(SuiteRunner.java:289)
	at org.testng.SuiteRunnerWorker.runSuite(SuiteRunnerWorker.java:52)
	at org.testng.SuiteRunnerWorker.run(SuiteRunnerWorker.java:86)
	at org.testng.TestNG.runSuitesSequentially(TestNG.java:1301)
	at org.testng.TestNG.runSuitesLocally(TestNG.java:1226)
	at org.testng.TestNG.runSuites(TestNG.java:1144)
	at org.testng.TestNG.run(TestNG.java:1115)
	at org.testng.remote.AbstractRemoteTestNG.run(AbstractRemoteTestNG.java:132)
	at org.testng.remote.RemoteTestNG.initAndRun(RemoteTestNG.java:230)
	at org.testng.remote.RemoteTestNG.main(RemoteTestNG.java:76)
Caused by: org.openqa.selenium.remote.http.ConnectionFailedException: Unable to establish websocket connection to http://localhost:64461/devtools/browser/24513bbe-bab9-49a1-8d43-337c24598058
Build info: version: '4.8.0', revision: '267030adea'
System info: os.name: 'Windows 11', os.arch: 'amd64', os.version: '10.0', java.version: '1.8.0_361'
Driver info: driver.version: EdgeDriver
	at org.openqa.selenium.remote.http.netty.NettyWebSocket.<init>(NettyWebSocket.java:102)
	at org.openqa.selenium.remote.http.netty.NettyWebSocket.lambda$create$3(NettyWebSocket.java:128)
	at org.openqa.selenium.remote.http.netty.NettyClient.openSocket(NettyClient.java:107)
	at org.openqa.selenium.devtools.Connection.<init>(Connection.java:78)
	at org.openqa.selenium.chromium.ChromiumDriver.lambda$new$2(ChromiumDriver.java:116)
	at java.util.Optional.map(Unknown Source)
	at org.openqa.selenium.chromium.ChromiumDriver.<init>(ChromiumDriver.java:114)
	at org.openqa.selenium.edge.EdgeDriver.<init>(EdgeDriver.java:54)
	at org.openqa.selenium.edge.EdgeDriver.<init>(EdgeDriver.java:46)
	at org.openqa.selenium.edge.EdgeDriver.<init>(EdgeDriver.java:42)
	at com.base.AutomationBase.launchEdgeBrowser(AutomationBase.java:56)
	... 24 more
]]>
    </error>
  </testcase> <!-- launchBrowser -->
  <testcase name="validateOrderAndReparationsPageFields" time="0.000" classname="com.test.OrderAndReparationsPageTest">
    <skipped/>
  </testcase> <!-- validateOrderAndReparationsPageFields -->
  <testcase name="validateUpdateStatusFunctionalityInReparationsTable" classname="com.test.OrderAndReparationsPageTest">
    <skipped/>
  </testcase> <!-- validateUpdateStatusFunctionalityInReparationsTable -->
  <testcase name="validateViewAndAddPaymentFunctionalityInReparationTable" classname="com.test.OrderAndReparationsPageTest">
    <skipped/>
  </testcase> <!-- validateViewAndAddPaymentFunctionalityInReparationTable -->
  <testcase name="validateInvoiceAndPrintBarcodeFunctionalityInReparationsTable" classname="com.test.OrderAndReparationsPageTest">
    <skipped/>
  </testcase> <!-- validateInvoiceAndPrintBarcodeFunctionalityInReparationsTable -->
  <testcase name="validateFilterResultFunctionalityInReparationTable" classname="com.test.OrderAndReparationsPageTest">
    <skipped/>
  </testcase> <!-- validateFilterResultFunctionalityInReparationTable -->
  <testcase name="validateColumnVisibilityFunctionalityInReparationTable" classname="com.test.OrderAndReparationsPageTest">
    <skipped/>
  </testcase> <!-- validateColumnVisibilityFunctionalityInReparationTable -->
  <testcase name="validateAddNewReparationFunctionalityInReparationTable" classname="com.test.OrderAndReparationsPageTest">
    <skipped/>
  </testcase> <!-- validateAddNewReparationFunctionalityInReparationTable -->
  <testcase name="validateAddAttachmentFunctionalityInReparationsTable" classname="com.test.OrderAndReparationsPageTest">
    <skipped/>
  </testcase> <!-- validateAddAttachmentFunctionalityInReparationsTable -->
</testsuite> <!-- com.test.OrderAndReparationsPageTest -->
