<html>
<head>
<title>TestNG:  Test</title>
<link href="../testng.css" rel="stylesheet" type="text/css" />
<link href="../my-testng.css" rel="stylesheet" type="text/css" />

<style type="text/css">
.log { display: none;} 
.stack-trace { display: none;} 
</style>
<script type="text/javascript">
<!--
function flip(e) {
  current = e.style.display;
  if (current == 'block') {
    e.style.display = 'none';
    return 0;
  }
  else {
    e.style.display = 'block';
    return 1;
  }
}

function toggleBox(szDivId, elem, msg1, msg2)
{
  var res = -1;  if (document.getElementById) {
    res = flip(document.getElementById(szDivId));
  }
  else if (document.all) {
    // this is the way old msie versions work
    res = flip(document.all[szDivId]);
  }
  if(elem) {
    if(res == 0) elem.innerHTML = msg1; else elem.innerHTML = msg2;
  }

}

function toggleAllBoxes() {
  if (document.getElementsByTagName) {
    d = document.getElementsByTagName('div');
    for (i = 0; i < d.length; i++) {
      if (d[i].className == 'log') {
        flip(d[i]);
      }
    }
  }
}

// -->
</script>

</head>
<body>
<h2 align='center'>Test</h2><table border='1' align="center">
<tr>
<td>Tests passed/Failed/Skipped:</td><td>0/4/0</td>
</tr><tr>
<td>Started on:</td><td>Wed Mar 22 21:30:16 IST 2023</td>
</tr>
<tr><td>Total time:</td><td>17 seconds (17745 ms)</td>
</tr><tr>
<td>Included groups:</td><td></td>
</tr><tr>
<td>Excluded groups:</td><td></td>
</tr>
</table><p/>
<small><i>(Hover the method name to see the test class name)</i></small><p/>
<table width='100%' border='1' class='invocation-failed'>
<tr><td colspan='4' align='center'><b>FAILED TESTS</b></td></tr>
<tr><td><b>Test method</b></td>
<td width="30%"><b>Exception</b></td>
<td width="10%"><b>Time (seconds)</b></td>
<td><b>Instance</b></td>
</tr>
<tr>
<td title='com.test.HomePageTest.validateHomePageFields()'><b>validateHomePageFields</b><br>Test class: com.test.HomePageTest</td>
<td><div><pre>java.lang.AssertionError: The following asserts failed:
	Failure message:Reparation field not displayed expected [true] but found [false],
	Failure message:Client field not displayed expected [true] but found [false],
	Failure message:Products field not displayed expected [true] but found [false],
	Failure message:Calendar not displayed expected [true] but found [false],
	Failure message:Revenue chart field not displayed expected [true] but found [false],
	Failure message:Stock chart field not displayed expected [true] but found [false],
	Failure message:Quick Email field not displayed expected [true] but found [false],
	Failure message:Quick SMS field not displayed expected [true] but found [false]
	at com.test.HomePageTest.validateHomePageFields(HomePageTest.java:49)
... Removed 26 stack frames</pre></div><a href='#' onClick='toggleBox("stack-trace509559152", this, "Click to show all stack frames", "Click to hide stack frames")'>Click to show all stack frames</a>
<div class='stack-trace' id='stack-trace509559152'><pre>java.lang.AssertionError: The following asserts failed:
	Failure message:Reparation field not displayed expected [true] but found [false],
	Failure message:Client field not displayed expected [true] but found [false],
	Failure message:Products field not displayed expected [true] but found [false],
	Failure message:Calendar not displayed expected [true] but found [false],
	Failure message:Revenue chart field not displayed expected [true] but found [false],
	Failure message:Stock chart field not displayed expected [true] but found [false],
	Failure message:Quick Email field not displayed expected [true] but found [false],
	Failure message:Quick SMS field not displayed expected [true] but found [false]
	at org.testng.asserts.SoftAssert.assertAll(SoftAssert.java:43)
	at com.test.HomePageTest.validateHomePageFields(HomePageTest.java:49)
	at sun.reflect.NativeMethodAccessorImpl.invoke0(Native Method)
	at sun.reflect.NativeMethodAccessorImpl.invoke(Unknown Source)
	at sun.reflect.DelegatingMethodAccessorImpl.invoke(Unknown Source)
	at java.lang.reflect.Method.invoke(Unknown Source)
	at org.testng.internal.MethodInvocationHelper.invokeMethod(MethodInvocationHelper.java:108)
	at org.testng.internal.Invoker.invokeMethod(Invoker.java:661)
	at org.testng.internal.Invoker.invokeTestMethod(Invoker.java:869)
	at org.testng.internal.Invoker.invokeTestMethods(Invoker.java:1193)
	at org.testng.internal.TestMethodWorker.invokeTestMethods(TestMethodWorker.java:126)
	at org.testng.internal.TestMethodWorker.run(TestMethodWorker.java:109)
	at org.testng.TestRunner.privateRun(TestRunner.java:744)
	at org.testng.TestRunner.run(TestRunner.java:602)
	at org.testng.SuiteRunner.runTest(SuiteRunner.java:380)
	at org.testng.SuiteRunner.runSequentially(SuiteRunner.java:375)
	at org.testng.SuiteRunner.privateRun(SuiteRunner.java:340)
	at org.testng.SuiteRunner.run(SuiteRunner.java:289)
	at org.testng.SuiteRunnerWorker.runSuite(SuiteRunnerWorker.java:52)
	at org.testng.SuiteRunnerWorker.run(SuiteRunnerWorker.java:86)
	at org.testng.TestNG.runSuitesSequentially(TestNG.java:1301)
	at org.testng.TestNG.runSuitesLocally(TestNG.java:1226)
	at org.testng.TestNG.runSuites(TestNG.java:1144)
	at org.testng.TestNG.run(TestNG.java:1115)
	at org.testng.remote.AbstractRemoteTestNG.run(AbstractRemoteTestNG.java:132)
	at org.testng.remote.RemoteTestNG.initAndRun(RemoteTestNG.java:230)
	at org.testng.remote.RemoteTestNG.main(RemoteTestNG.java:76)
</pre></div></td>
<td>0</td>
<td>com.test.HomePageTest@13805618</td></tr>
<tr>
<td title='com.test.HomePageTest.validateHomePageLeftPanelFields()'><b>validateHomePageLeftPanelFields</b><br>Test class: com.test.HomePageTest</td>
<td><div><pre>java.lang.AssertionError: The following asserts failed:
	Failure message:Logged in username not displayed in left panel expected [true] but found [false],
	Failure message:Search reparations textbox not displayed expected [true] but found [false],
	Failure message:Main Navigation text missing in left panel expected [true] but found [false],
	Failure message:Home button not displayed in left panel expected [true] but found [false],
	Failure message: Settings button not displayed in left panel expected [true] but found [false],
	Failure message:Settings options missing in left panel expected [true] but found [false]
	at com.test.HomePageTest.validateHomePageLeftPanelFields(HomePageTest.java:93)
... Removed 26 stack frames</pre></div><a href='#' onClick='toggleBox("stack-trace1234905692", this, "Click to show all stack frames", "Click to hide stack frames")'>Click to show all stack frames</a>
<div class='stack-trace' id='stack-trace1234905692'><pre>java.lang.AssertionError: The following asserts failed:
	Failure message:Logged in username not displayed in left panel expected [true] but found [false],
	Failure message:Search reparations textbox not displayed expected [true] but found [false],
	Failure message:Main Navigation text missing in left panel expected [true] but found [false],
	Failure message:Home button not displayed in left panel expected [true] but found [false],
	Failure message: Settings button not displayed in left panel expected [true] but found [false],
	Failure message:Settings options missing in left panel expected [true] but found [false]
	at org.testng.asserts.SoftAssert.assertAll(SoftAssert.java:43)
	at com.test.HomePageTest.validateHomePageLeftPanelFields(HomePageTest.java:93)
	at sun.reflect.NativeMethodAccessorImpl.invoke0(Native Method)
	at sun.reflect.NativeMethodAccessorImpl.invoke(Unknown Source)
	at sun.reflect.DelegatingMethodAccessorImpl.invoke(Unknown Source)
	at java.lang.reflect.Method.invoke(Unknown Source)
	at org.testng.internal.MethodInvocationHelper.invokeMethod(MethodInvocationHelper.java:108)
	at org.testng.internal.Invoker.invokeMethod(Invoker.java:661)
	at org.testng.internal.Invoker.invokeTestMethod(Invoker.java:869)
	at org.testng.internal.Invoker.invokeTestMethods(Invoker.java:1193)
	at org.testng.internal.TestMethodWorker.invokeTestMethods(TestMethodWorker.java:126)
	at org.testng.internal.TestMethodWorker.run(TestMethodWorker.java:109)
	at org.testng.TestRunner.privateRun(TestRunner.java:744)
	at org.testng.TestRunner.run(TestRunner.java:602)
	at org.testng.SuiteRunner.runTest(SuiteRunner.java:380)
	at org.testng.SuiteRunner.runSequentially(SuiteRunner.java:375)
	at org.testng.SuiteRunner.privateRun(SuiteRunner.java:340)
	at org.testng.SuiteRunner.run(SuiteRunner.java:289)
	at org.testng.SuiteRunnerWorker.runSuite(SuiteRunnerWorker.java:52)
	at org.testng.SuiteRunnerWorker.run(SuiteRunnerWorker.java:86)
	at org.testng.TestNG.runSuitesSequentially(TestNG.java:1301)
	at org.testng.TestNG.runSuitesLocally(TestNG.java:1226)
	at org.testng.TestNG.runSuites(TestNG.java:1144)
	at org.testng.TestNG.run(TestNG.java:1115)
	at org.testng.remote.AbstractRemoteTestNG.run(AbstractRemoteTestNG.java:132)
	at org.testng.remote.RemoteTestNG.initAndRun(RemoteTestNG.java:230)
	at org.testng.remote.RemoteTestNG.main(RemoteTestNG.java:76)
</pre></div></td>
<td>0</td>
<td>com.test.HomePageTest@13805618</td></tr>
<tr>
<td title='com.test.HomePageTest.validateHomePageTopPanelFields()'><b>validateHomePageTopPanelFields</b><br>Test class: com.test.HomePageTest</td>
<td><div><pre>java.lang.AssertionError: The following asserts failed:
	Failure message:Service Management Text not displayed expected [true] but found [false],
	Failure message:Side-Bar toggle button not displayed expected [true] but found [false],
	Failure message:Alert Button not displayed expected [true] but found [false],
	Failure message:Add Button not displayed expected [true] but found [false],
	Failure message:Logged-in username not displayed expected [true] but found [false],
	Failure message:Number of alerts not displayed expected [true] but found [false],
	Failure message:Add Button not clicked expected [true] but found [false],
	Failure message:Add Client Button not displayed expected [true] but found [false],
	Failure message:Add Reparation Button not displayed expected [true] but found [false],
	Failure message:Send SMS Button not displayed expected [true] but found [false],
	Failure message:Send Email Button not displayed expected [true] but found [false]
	at com.test.HomePageTest.validateHomePageTopPanelFields(HomePageTest.java:74)
... Removed 26 stack frames</pre></div><a href='#' onClick='toggleBox("stack-trace461516748", this, "Click to show all stack frames", "Click to hide stack frames")'>Click to show all stack frames</a>
<div class='stack-trace' id='stack-trace461516748'><pre>java.lang.AssertionError: The following asserts failed:
	Failure message:Service Management Text not displayed expected [true] but found [false],
	Failure message:Side-Bar toggle button not displayed expected [true] but found [false],
	Failure message:Alert Button not displayed expected [true] but found [false],
	Failure message:Add Button not displayed expected [true] but found [false],
	Failure message:Logged-in username not displayed expected [true] but found [false],
	Failure message:Number of alerts not displayed expected [true] but found [false],
	Failure message:Add Button not clicked expected [true] but found [false],
	Failure message:Add Client Button not displayed expected [true] but found [false],
	Failure message:Add Reparation Button not displayed expected [true] but found [false],
	Failure message:Send SMS Button not displayed expected [true] but found [false],
	Failure message:Send Email Button not displayed expected [true] but found [false]
	at org.testng.asserts.SoftAssert.assertAll(SoftAssert.java:43)
	at com.test.HomePageTest.validateHomePageTopPanelFields(HomePageTest.java:74)
	at sun.reflect.NativeMethodAccessorImpl.invoke0(Native Method)
	at sun.reflect.NativeMethodAccessorImpl.invoke(Unknown Source)
	at sun.reflect.DelegatingMethodAccessorImpl.invoke(Unknown Source)
	at java.lang.reflect.Method.invoke(Unknown Source)
	at org.testng.internal.MethodInvocationHelper.invokeMethod(MethodInvocationHelper.java:108)
	at org.testng.internal.Invoker.invokeMethod(Invoker.java:661)
	at org.testng.internal.Invoker.invokeTestMethod(Invoker.java:869)
	at org.testng.internal.Invoker.invokeTestMethods(Invoker.java:1193)
	at org.testng.internal.TestMethodWorker.invokeTestMethods(TestMethodWorker.java:126)
	at org.testng.internal.TestMethodWorker.run(TestMethodWorker.java:109)
	at org.testng.TestRunner.privateRun(TestRunner.java:744)
	at org.testng.TestRunner.run(TestRunner.java:602)
	at org.testng.SuiteRunner.runTest(SuiteRunner.java:380)
	at org.testng.SuiteRunner.runSequentially(SuiteRunner.java:375)
	at org.testng.SuiteRunner.privateRun(SuiteRunner.java:340)
	at org.testng.SuiteRunner.run(SuiteRunner.java:289)
	at org.testng.SuiteRunnerWorker.runSuite(SuiteRunnerWorker.java:52)
	at org.testng.SuiteRunnerWorker.run(SuiteRunnerWorker.java:86)
	at org.testng.TestNG.runSuitesSequentially(TestNG.java:1301)
	at org.testng.TestNG.runSuitesLocally(TestNG.java:1226)
	at org.testng.TestNG.runSuites(TestNG.java:1144)
	at org.testng.TestNG.run(TestNG.java:1115)
	at org.testng.remote.AbstractRemoteTestNG.run(AbstractRemoteTestNG.java:132)
	at org.testng.remote.RemoteTestNG.initAndRun(RemoteTestNG.java:230)
	at org.testng.remote.RemoteTestNG.main(RemoteTestNG.java:76)
</pre></div></td>
<td>0</td>
<td>com.test.HomePageTest@13805618</td></tr>
<tr>
<td title='com.test.HomePageTest.validateQuickEmailAndQuickSmsOption()'><b>validateQuickEmailAndQuickSmsOption</b><br>Test class: com.test.HomePageTest</td>
<td><div><pre>java.lang.AssertionError: The following asserts failed:
	Failure message:Please enter emailid expected [true] but found [false],
	Failure message:Please enter mail subject expected [true] but found [false],
	Failure message:Please enter mail body expected [true] but found [false],
	Failure message:Email not send expected [true] but found [false],
	Failure message:Please enter mobile number expected [true] but found [false],
	Failure message:Please enter SMS message expected [true] but found [false],
	Failure message:SMS not send expected [true] but found [false]
	at com.test.HomePageTest.validateQuickEmailAndQuickSmsOption(HomePageTest.java:119)
... Removed 26 stack frames</pre></div><a href='#' onClick='toggleBox("stack-trace29774113", this, "Click to show all stack frames", "Click to hide stack frames")'>Click to show all stack frames</a>
<div class='stack-trace' id='stack-trace29774113'><pre>java.lang.AssertionError: The following asserts failed:
	Failure message:Please enter emailid expected [true] but found [false],
	Failure message:Please enter mail subject expected [true] but found [false],
	Failure message:Please enter mail body expected [true] but found [false],
	Failure message:Email not send expected [true] but found [false],
	Failure message:Please enter mobile number expected [true] but found [false],
	Failure message:Please enter SMS message expected [true] but found [false],
	Failure message:SMS not send expected [true] but found [false]
	at org.testng.asserts.SoftAssert.assertAll(SoftAssert.java:43)
	at com.test.HomePageTest.validateQuickEmailAndQuickSmsOption(HomePageTest.java:119)
	at sun.reflect.NativeMethodAccessorImpl.invoke0(Native Method)
	at sun.reflect.NativeMethodAccessorImpl.invoke(Unknown Source)
	at sun.reflect.DelegatingMethodAccessorImpl.invoke(Unknown Source)
	at java.lang.reflect.Method.invoke(Unknown Source)
	at org.testng.internal.MethodInvocationHelper.invokeMethod(MethodInvocationHelper.java:108)
	at org.testng.internal.Invoker.invokeMethod(Invoker.java:661)
	at org.testng.internal.Invoker.invokeTestMethod(Invoker.java:869)
	at org.testng.internal.Invoker.invokeTestMethods(Invoker.java:1193)
	at org.testng.internal.TestMethodWorker.invokeTestMethods(TestMethodWorker.java:126)
	at org.testng.internal.TestMethodWorker.run(TestMethodWorker.java:109)
	at org.testng.TestRunner.privateRun(TestRunner.java:744)
	at org.testng.TestRunner.run(TestRunner.java:602)
	at org.testng.SuiteRunner.runTest(SuiteRunner.java:380)
	at org.testng.SuiteRunner.runSequentially(SuiteRunner.java:375)
	at org.testng.SuiteRunner.privateRun(SuiteRunner.java:340)
	at org.testng.SuiteRunner.run(SuiteRunner.java:289)
	at org.testng.SuiteRunnerWorker.runSuite(SuiteRunnerWorker.java:52)
	at org.testng.SuiteRunnerWorker.run(SuiteRunnerWorker.java:86)
	at org.testng.TestNG.runSuitesSequentially(TestNG.java:1301)
	at org.testng.TestNG.runSuitesLocally(TestNG.java:1226)
	at org.testng.TestNG.runSuites(TestNG.java:1144)
	at org.testng.TestNG.run(TestNG.java:1115)
	at org.testng.remote.AbstractRemoteTestNG.run(AbstractRemoteTestNG.java:132)
	at org.testng.remote.RemoteTestNG.initAndRun(RemoteTestNG.java:230)
	at org.testng.remote.RemoteTestNG.main(RemoteTestNG.java:76)
</pre></div></td>
<td>0</td>
<td>com.test.HomePageTest@13805618</td></tr>
</table><p>
</body>
</html>