<?xml version="1.0" encoding="UTF-8"?>
<!-- Generated by org.testng.reporters.JUnitXMLReporter -->
<testsuite hostname="Chikkus_hp" ignored="1" name="Test" tests="1" failures="1" timestamp="28 Mar 2023 15:46:23 GMT" time="18.261" errors="0">
  <testcase name="validateUpdateStatusFunctionalityInReparationsTable" time="0.264" classname="com.test.OrderAndReparationsPageTest">
    <failure type="java.lang.AssertionError" message="The following asserts failed:
	Failure message:Update status popup header not displayed expected [true] but found [false]">
      <![CDATA[java.lang.AssertionError: The following asserts failed:
	Failure message:Update status popup header not displayed expected [true] but found [false]
	at com.test.OrderAndReparationsPageTest.validateUpdateStatusFunctionalityInReparationsTable(OrderAndReparationsPageTest.java:70)
... Removed 26 stack frames]]>
    </failure>
  </testcase> <!-- validateUpdateStatusFunctionalityInReparationsTable -->
  <testcase name="validateOrderAndReparationsPageFields" time="0.0" classname="com.test.OrderAndReparationsPageTest">
    <ignored/>
  </testcase> <!-- validateOrderAndReparationsPageFields -->
</testsuite> <!-- Test -->
