<?xml version="1.0" encoding="UTF-8"?>
<!-- Generated by org.testng.reporters.JUnitXMLReporter -->
<testsuite hostname="Chikkus_hp" ignored="1" name="Default test" tests="3" failures="0" timestamp="21 Mar 2023 19:06:28 GMT" time="0.028" errors="0">
  <testcase name="@BeforeTest launchBrowser" time="0.0" classname="com.base.AutomationBase">
    <failure type="org.testng.TestNGException" message="
Parameter &amp;apos;browserName&amp;apos; is required by BeforeTest on method launchBrowser but has not been marked @Optional or defined
in C:\Users\angit\AppData\Local\Temp\testng-eclipse-660520611\testng-customsuite.xml">
      <![CDATA[org.testng.TestNGException: 
Parameter 'browserName' is required by BeforeTest on method launchBrowser but has not been marked @Optional or defined
in C:\Users\angit\AppData\Local\Temp\testng-eclipse-660520611\testng-customsuite.xml
	at org.testng.internal.Parameters.createParameters(Parameters.java:199)
	at org.testng.internal.Parameters.createParameters(Parameters.java:443)
	at org.testng.internal.Parameters.createConfigurationParameters(Parameters.java:118)
	at org.testng.internal.Invoker.invokeConfigurations(Invoker.java:206)
	at org.testng.internal.Invoker.invokeConfigurations(Invoker.java:146)
	at org.testng.TestRunner.beforeRun(TestRunner.java:626)
	at org.testng.TestRunner.run(TestRunner.java:594)
	at org.testng.SuiteRunner.runTest(SuiteRunner.java:380)
	at org.testng.SuiteRunner.runSequentially(SuiteRunner.java:375)
	at org.testng.SuiteRunner.privateRun(SuiteRunner.java:340)
	at org.testng.SuiteRunner.run(SuiteRunner.java:289)
	at org.testng.SuiteRunnerWorker.runSuite(SuiteRunnerWorker.java:52)
	at org.testng.SuiteRunnerWorker.run(SuiteRunnerWorker.java:86)
	at org.testng.TestNG.runSuitesSequentially(TestNG.java:1301)
	at org.testng.TestNG.runSuitesLocally(TestNG.java:1226)
	at org.testng.TestNG.runSuites(TestNG.java:1144)
	at org.testng.TestNG.run(TestNG.java:1115)
	at org.testng.remote.AbstractRemoteTestNG.run(AbstractRemoteTestNG.java:132)
	at org.testng.remote.RemoteTestNG.initAndRun(RemoteTestNG.java:230)
	at org.testng.remote.RemoteTestNG.main(RemoteTestNG.java:76)
]]>
    </failure>
  </testcase> <!-- @BeforeTest launchBrowser -->
  <testcase name="@BeforeMethod preRun" time="0.0" classname="com.test.HomePageTest">
    <skipped/>
  </testcase> <!-- @BeforeMethod preRun -->
  <testcase name="@BeforeMethod preRun" time="0.0" classname="com.test.HomePageTest">
    <skipped/>
  </testcase> <!-- @BeforeMethod preRun -->
  <testcase name="@BeforeMethod preRun" time="0.0" classname="com.test.HomePageTest">
    <skipped/>
  </testcase> <!-- @BeforeMethod preRun -->
  <testcase name="validateHomePageFields" time="0.0" classname="com.test.HomePageTest">
    <skipped/>
  </testcase> <!-- validateHomePageFields -->
  <testcase name="validateHomePageTopPanelFields" time="0.0" classname="com.test.HomePageTest">
    <skipped/>
  </testcase> <!-- validateHomePageTopPanelFields -->
  <testcase name="validateHomePageLeftPanelFields" time="0.0" classname="com.test.HomePageTest">
    <skipped/>
  </testcase> <!-- validateHomePageLeftPanelFields -->
  <testcase name="validateQuickEmailAndQuickSmsOption" time="0.0" classname="com.test.HomePageTest">
    <ignored/>
  </testcase> <!-- validateQuickEmailAndQuickSmsOption -->
</testsuite> <!-- Default test -->
